<?xml version="1.0" encoding="UTF-8"?>
<!-- Generated by org.testng.reporters.JUnitReportReporter -->
<testsuite hostname="DESKTOP-OF4HDLS" failures="0" tests="2" name="TESTINGEXECUTION.Login_Script" time="-1709731968.000" errors="1" timestamp="2024-03-06T19:02:36 IST" skipped="1">
  <testcase classname="TESTINGEXECUTION.Login_Script" name="FBLogin" time="0.000">
    <skipped/>
  </testcase> <!-- FBLogin -->
  <testcase classname="TESTINGEXECUTION.Login_Script" name="OpenBrowser" time="-1709731968.000">
    <error message="
Parameter &#039;BrowserName&#039; is required by BeforeClass on method OpenBrowser but has not been marked @Optional or defined
in C:\Users\Abhishek Dilip Jadha\AppData\Local\Temp\testng-eclipse--1991181163\testng-customsuite.xml" type="org.testng.TestNGException">
      <![CDATA[org.testng.TestNGException: 
Parameter 'BrowserName' is required by BeforeClass on method OpenBrowser but has not been marked @Optional or defined
in C:\Users\Abhishek Dilip Jadha\AppData\Local\Temp\testng-eclipse--1991181163\testng-customsuite.xml
at org.testng.internal.Parameters.createParams(Parameters.java:267)
at org.testng.internal.Parameters.createParametersForMethod(Parameters.java:355)
at org.testng.internal.Parameters.createParameters(Parameters.java:693)
at org.testng.internal.Parameters.createConfigurationParameters(Parameters.java:166)
at org.testng.internal.invokers.ConfigInvoker.invokeConfigurations(ConfigInvoker.java:306)
at org.testng.internal.invokers.TestMethodWorker.invokeBeforeClassMethods(TestMethodWorker.java:180)
at org.testng.internal.invokers.TestMethodWorker.run(TestMethodWorker.java:122)
at java.base/java.util.ArrayList.forEach(ArrayList.java:1511)
at org.testng.TestRunner.privateRun(TestRunner.java:819)
at org.testng.TestRunner.run(TestRunner.java:619)
at org.testng.SuiteRunner.runTest(SuiteRunner.java:443)
at org.testng.SuiteRunner.runSequentially(SuiteRunner.java:437)
at org.testng.SuiteRunner.privateRun(SuiteRunner.java:397)
at org.testng.SuiteRunner.run(SuiteRunner.java:336)
at org.testng.SuiteRunnerWorker.runSuite(SuiteRunnerWorker.java:52)
at org.testng.SuiteRunnerWorker.run(SuiteRunnerWorker.java:95)
at org.testng.TestNG.runSuitesSequentially(TestNG.java:1301)
at org.testng.TestNG.runSuitesLocally(TestNG.java:1228)
at org.testng.TestNG.runSuites(TestNG.java:1134)
at org.testng.TestNG.run(TestNG.java:1101)
at org.testng.remote.AbstractRemoteTestNG.run(AbstractRemoteTestNG.java:115)
at org.testng.remote.RemoteTestNG.initAndRun(RemoteTestNG.java:251)
at org.testng.remote.RemoteTestNG.main(RemoteTestNG.java:77)
]]>
    </error>
  </testcase> <!-- OpenBrowser -->
</testsuite> <!-- TESTINGEXECUTION.Login_Script -->
